<?xml version="1.0" encoding="UTF-8"?>
<!-- Generated by org.testng.reporters.JUnitReportReporter -->
<testsuite hostname="DESKTOP-BEGT2U5" name="Runners.First_Runner" tests="1" failures="0" timestamp="22 May 2021 16:50:23 GMT" time="14.048" errors="0">
  <testcase name="feature" time="14.048" classname="Runners.First_Runner"/>
</testsuite> <!-- Runners.First_Runner -->
