<?xml version="1.0" encoding="UTF-8"?>
<!-- Generated by org.testng.reporters.JUnitReportReporter -->
<testsuite hostname="DESKTOP-BEGT2U5" name="Runners.Second_Runner" tests="1" failures="0" timestamp="22 May 2021 16:50:23 GMT" time="9.937" errors="0">
  <testcase name="feature" time="9.937" classname="Runners.Second_Runner"/>
</testsuite> <!-- Runners.Second_Runner -->
